<?xml version="1.0" encoding="UTF-8" ?>
<testsuites errors="1"
            failures="2"
            tests="1">

  <testsuite name="LocationVerification"
    errors="1" failures="2" hostname="" id="" package="LocationVerification" skipped="0"
    tests="1" time="16.29" timestamp="">
  
    <testcase name="Location Verification" classname="LocationVerification" time="16.29" assertions="4">

    

      <failure message="Testing if attribute &#39;font-size&#39; of element &lt;#body &gt; div.container.location-detail &gt; div &gt; div.grid-12.grid-md-7.grid-xl-6 &gt; h2&gt; equals &#39;40px&#39; in 5000ms - expected &#34;equals &#39;40px&#39;&#34; but got: &#34;Element does not have a &#39;font-size&#39; attribute&#34; (5309ms)">    at Object.Location Verification (/Users/bryanwygal/Documents/Designory/tests/LocationVerification.js:12:24)
    at processTicksAndRejections (node:internal/process/task_queues:96:5)</failure>

      <failure message="Testing if attribute &#39;img src&#39; of element &lt;#body &gt; div.container.location-detail &gt; div &gt; div.grid-12.grid-md-5.grid-xl-6 &gt; div &gt; div:nth-child(1) &gt; div &gt; a &gt; img&gt; equals &#39;https://maps.googleapis.com/maps/api/staticmap?center= 225 N Michigan Ave, Suite 700 Chicago, IL 60601&amp;zoom=16.5&amp;markers= 225 N Michigan Ave, Suite 700 Chicago, IL 60601&amp;size=400x150&amp;key=AIzaSyAkAXQMgbxLGj6ZFqVAAR8JT4-5LaWKfIY&#39; in 5000ms - expected &#34;equals &#39;https://maps.googleapis.com/maps/api/staticmap?center= 225 N Michigan Ave, Suite 700 Chicago, IL 60601&amp;zoom=16.5&amp;markers= 225 N Michigan Ave, Suite 700 Chicago, IL 60601&amp;size=400x150&amp;key=AIzaSyAkAXQMgbxLGj6ZFqVAAR8JT4-5LaWKfIY&#39;&#34; but got: &#34;error while locating the element&#34; (5046ms)">    at Object.Location Verification (/Users/bryanwygal/Documents/Designory/tests/LocationVerification.js:13:24)
    at processTicksAndRejections (node:internal/process/task_queues:96:5)</failure>

    
    <error message="Testing if attribute [0;33m&#39;img src&#39;[0m of element [0;33m&lt;#body &gt; div.container.location-detail &gt; div &gt; div.grid-12.grid-md-5.grid-xl-6 &gt; div &gt; div:nth-child(1) &gt; div &gt; a &gt; img&gt;[0m equals [0;33m&#39;https://maps.googleapis.com/maps/api/staticmap?center= 225 N Michigan Ave, Suite 700 Chicago, IL 60601&amp;zoom=16.5&amp;markers= 225 N Michigan Ave, Suite 700 Chicago, IL 60601&amp;size=400x150&amp;key=AIzaSyAkAXQMgbxLGj6ZFqVAAR8JT4-5LaWKfIY&#39;[0m in 5000ms - expected [0;32m&#34;equals &#39;https://maps.googleapis.com/maps/api/staticmap?center= 225 N Michigan Ave, Suite 700 Chicago, IL 60601&amp;zoom=16.5&amp;markers= 225 N Michigan Ave, Suite 700 Chicago, IL 60601&amp;size=400x150&amp;key=AIzaSyAkAXQMgbxLGj6ZFqVAAR8JT4-5LaWKfIY&#39;&#34;[0m but got: [0;31m&#34;error while locating the element&#34;[0m [0;90m(5046ms)[0m" type="error"><![CDATA[
    Error
    at Proxy.&lt;anonymous&gt; (/Users/bryanwygal/Documents/Designory/node_modules/nightwatch/lib/api/index.js:145:30)
    at Object.Location Verification (/Users/bryanwygal/Documents/Designory/tests/LocationVerification.js:13:24)
    at Context.call (/Users/bryanwygal/Documents/Designory/node_modules/nightwatch/lib/testsuite/context.js:430:35)
    at TestCase.run (/Users/bryanwygal/Documents/Designory/node_modules/nightwatch/lib/testsuite/testcase.js:58:31)
    at Runnable.__runFn (/Users/bryanwygal/Documents/Designory/node_modules/nightwatch/lib/testsuite/index.js:669:80)
    at Runnable.run (/Users/bryanwygal/Documents/Designory/node_modules/nightwatch/lib/testsuite/runnable.js:126:21)
    at TestSuite.createRunnable (/Users/bryanwygal/Documents/Designory/node_modules/nightwatch/lib/testsuite/index.js:776:33)
    at TestSuite.handleRunnable (/Users/bryanwygal/Documents/Designory/node_modules/nightwatch/lib/testsuite/index.js:781:33)
    at /Users/bryanwygal/Documents/Designory/node_modules/nightwatch/lib/testsuite/index.js:669:21
    at processTicksAndRejections (node:internal/process/task_queues:96:5)
    ]]></error>
    
    </testcase>
  

  
    <system-err>
       TimeoutError: An error occurred while running .getAttribute() command on &lt;#body &gt; div.container.location-detail &gt; div &gt; div.grid-12.grid-md-5.grid-xl-6 &gt; div &gt; div:nth-child(1) &gt; div &gt; a &gt; img&gt;: Error while trying to create HTTP request for &#34;/session/0b440767c03a31e05493800bccb992e5/element/3596c768-874b-45d8-b1a0-d05329ae6248/attribute/img src&#34;: Request path contains unescaped characters
 {&#34;error&#34;:{&#34;code&#34;:&#34;ERR_UNESCAPED_CHARACTERS&#34;},&#34;status&#34;:-1,&#34;value&#34;:null}
       at processTicksAndRejections (node:internal/process/task_queues:96:5)
    </system-err>
  

    

  
  </testsuite>
</testsuites>
